<?xml version="1.0" encoding="UTF-8"?>
<testng-results total="5" passed="5" failed="0" skipped="0">
  <reporter-output>
  </reporter-output>
  <suite started-at="2024-02-27T17:36:54Z" name="Suite" finished-at="2024-02-27T17:42:30Z" duration-ms="336296">
    <groups>
    </groups>
    <test started-at="2024-02-27T17:36:54Z" name="Test" finished-at="2024-02-27T17:42:30Z" duration-ms="336296">
      <class name="testCases.TC_01_DoctorSearch">
        <test-method is-config="true" signature="setup(java.lang.String)[pri:0, instance:testCases.TC_01_DoctorSearch@6f15d60e]" started-at="2024-02-27T23:06:55Z" name="setup" finished-at="2024-02-27T23:07:49Z" duration-ms="54321" status="PASS">
          <params>
            <param index="0">
              <value>
                <![CDATA[chrome]]>
              </value>
            </param>
          </params>
          <reporter-output>
          </reporter-output>
        </test-method> <!-- setup -->
        <test-method signature="search()[pri:1, instance:testCases.TC_01_DoctorSearch@6f15d60e]" started-at="2024-02-27T23:07:49Z" name="search" finished-at="2024-02-27T23:08:12Z" duration-ms="23240" status="PASS">
          <reporter-output>
          </reporter-output>
        </test-method> <!-- search -->
        <test-method signature="sortD()[pri:2, instance:testCases.TC_01_DoctorSearch@6f15d60e]" started-at="2024-02-27T23:08:12Z" name="sortD" finished-at="2024-02-27T23:08:59Z" duration-ms="46804" status="PASS">
          <reporter-output>
          </reporter-output>
        </test-method> <!-- sortD -->
        <test-method signature="GetName()[pri:3, instance:testCases.TC_01_DoctorSearch@6f15d60e]" started-at="2024-02-27T23:08:59Z" name="GetName" finished-at="2024-02-27T23:09:12Z" duration-ms="13414" status="PASS">
          <reporter-output>
          </reporter-output>
        </test-method> <!-- GetName -->
        <test-method signature="surLst()[pri:4, instance:testCases.TC_01_DoctorSearch@6f15d60e]" started-at="2024-02-27T23:09:12Z" name="surLst" finished-at="2024-02-27T23:10:24Z" duration-ms="71401" status="PASS">
          <reporter-output>
          </reporter-output>
        </test-method> <!-- surLst -->
        <test-method signature="FormValidation()[pri:5, instance:testCases.TC_01_DoctorSearch@6f15d60e]" started-at="2024-02-27T23:10:24Z" name="FormValidation" finished-at="2024-02-27T23:12:24Z" duration-ms="120295" status="PASS">
          <reporter-output>
          </reporter-output>
        </test-method> <!-- FormValidation -->
        <test-method is-config="true" signature="closure()[pri:0, instance:testCases.TC_01_DoctorSearch@6f15d60e]" started-at="2024-02-27T23:12:24Z" name="closure" finished-at="2024-02-27T23:12:30Z" duration-ms="5866" status="PASS">
          <reporter-output>
          </reporter-output>
        </test-method> <!-- closure -->
      </class> <!-- testCases.TC_01_DoctorSearch -->
    </test> <!-- Test -->
  </suite> <!-- Suite -->
</testng-results>
